make all --print-data-base --no-builtin-variables --no-builtin-rules --question
# GNU Make 4.3
 
# Built for x86_64-pc-linux-gnu
 
# Copyright (C) 1988-2020 Free Software Foundation, Inc.
 
# License GPLv3+: GNU GPL version 3 or later <http://gnu.org/licenses/gpl.html>
 
# This is free software: you are free to change and redistribute it.
 
# There is NO WARRANTY, to the extent permitted by law.
 

 
# Make data base, printed on Wed Aug 17 16:20:36 2022
 

# Variables
 

# environment
GDK_BACKEND = x11
# environment
LC_ALL = C
# environment
NO_AT_BRIDGE = 1
# environment
CUTEFISH_FONT_DPI = 96
# environment
LC_NUMERIC = en_AU.UTF-8
# environment
VSCODE_CWD = /home/jaiden
# default
MAKE_COMMAND := make
# automatic
@D = $(patsubst %/,%,$(dir $@))
# environment
GDK_DPI_SCALE = 1
# environment
VSCODE_HANDLES_UNCAUGHT_ERRORS = true
# default
.VARIABLES := 
# environment
PWD = /home/jaiden/Git/ADDS
# automatic
%D = $(patsubst %/,%,$(dir $%))
# environment
MAIL = /var/spool/mail/jaiden
# environment
XDG_DATA_DIRS = /home/jaiden/.local/share/flatpak/exports/share:/var/lib/flatpak/exports/share:/usr/local/share:/usr/share
# automatic
^D = $(patsubst %/,%,$(dir $^))
# automatic
%F = $(notdir $%)
# environment
VSCODE_CODE_CACHE_PATH = /home/jaiden/.config/Code - OSS/CachedData/6d9b74a70ca9c7733b29f0456fd8195364076dda
# environment
XDG_SESSION_PATH = /org/freedesktop/DisplayManager/Session0
# environment
LANG = C
# environment
XAUTHORITY = /home/jaiden/.Xauthority
# default
.LOADED := 
# default
.INCLUDE_DIRS = /usr/include /usr/local/include /usr/include
# makefile
MAKEFLAGS = pqrR
# makefile
CURDIR := /home/jaiden/Git/ADDS
# environment
APPLICATION_INSIGHTS_NO_DIAGNOSTIC_CHANNEL = true
# automatic
*D = $(patsubst %/,%,$(dir $*))
# environment
PAM_KWALLET5_LOGIN = /run/user/1000/kwallet5.socket
# environment
MFLAGS = -pqrR
# default
.SHELLFLAGS := -c
# environment
XDG_CONFIG_DIRS = /etc/xdg
# automatic
+D = $(patsubst %/,%,$(dir $+))
# environment
XDG_SESSION_DESKTOP = Cutefish
# makefile (from 'Makefile', line 1)
MAKEFILE_LIST := Makefile
# automatic
@F = $(notdir $@)
# environment
LC_COLLATE = en_AU.UTF-8
# environment
VSCODE_PID = 229516
# environment
XDG_SESSION_TYPE = x11
# automatic
?D = $(patsubst %/,%,$(dir $?))
# environment
XDG_DATA_HOME = /home/jaiden/.local/share
# automatic
*F = $(notdir $*)
# environment
QT_QPA_PLATFORMTHEME = cutefish
# environment
CHROME_DESKTOP = code-oss.desktop
# environment
DBUS_SESSION_BUS_ADDRESS = unix:path=/run/user/1000/bus
# automatic
<D = $(patsubst %/,%,$(dir $<))
# environment
VSCODE_NLS_CONFIG = {"locale":"en-gb","availableLanguages":{},"_languagePackSupport":true}
# default
MAKE_HOST := x86_64-pc-linux-gnu
# makefile
SHELL = /bin/sh
# default
MAKECMDGOALS := all
# environment
QT_QPA_PLATFORM = xcb
# environment
SHLVL = 0
# environment
MAKELEVEL := 0
# default
MAKE = $(MAKE_COMMAND)
# environment
PATH = /usr/local/sbin:/usr/local/bin:/usr/bin:/usr/lib/jvm/default/bin:/usr/bin/site_perl:/usr/bin/vendor_perl:/usr/bin/core_perl
# default
MAKEFILES := 
# environment
LANGUAGE = en_AU
# environment
LC_MONETARY = en_AU.UTF-8
# environment
MOTD_SHOWN = pam
# automatic
^F = $(notdir $^)
# environment
LC_TIME = en_AU.UTF-8
# environment
XDG_CONFIG_HOME = /home/jaiden/.config
# environment
GDK_SCALE = 1
# automatic
?F = $(notdir $?)
# environment
XDG_SEAT = seat0
# environment
XDG_CURRENT_DESKTOP = Cutefish
# automatic
+F = $(notdir $+)
# environment
XDG_SEAT_PATH = /org/freedesktop/DisplayManager/Seat0
# environment
DESKTOP_SESSION = Cutefish
# environment
ORIGINAL_XDG_CURRENT_DESKTOP = Cutefish
# 'override' directive
GNUMAKEFLAGS := 
# environment
QT_SCREEN_SCALE_FACTORS = 1
# environment
LOGNAME = jaiden
# environment
XDG_VTNR = 1
# makefile
.DEFAULT_GOAL := all
# environment
SYSTEMD_EXEC_PID = 660
# environment
DISPLAY = :0
# environment
GTK_MODULES = canberra-gtk-module
# environment
USER = jaiden
# default
MAKE_VERSION := 4.3
# environment
XDG_DESKTOP_DIR = /Desktop
# environment
LC_MEASUREMENT = en_AU.UTF-8
# environment
_ = /usr/bin/make
# environment
XDG_RUNTIME_DIR = /run/user/1000
# environment
LC_CTYPE = en_AU.UTF-8
# environment
QT_PLATFORM_PLUGIN = cutefish
# environment
XDG_SESSION_CLASS = user
# environment
VSCODE_AMD_ENTRYPOINT = vs/workbench/api/node/extensionHostProcess
# environment
HOME = /home/jaiden
# environment
ELECTRON_RUN_AS_NODE = 1
# environment
VSCODE_IPC_HOOK = /run/user/1000/vscode-f9c5508c-1.70.1-main.sock
# environment
XDG_SESSION_ID = 1
# default
.RECIPEPREFIX := 
# automatic
<F = $(notdir $<)
# default
SUFFIXES := 
# environment
XDG_CACHE_HOME = /home/jaiden/.cache
# environment
QT_AUTO_SCREEN_SCALE_FACTOR = 0
# environment
VSCODE_CLI = 1
# environment
ELECTRON_NO_ATTACH_CONSOLE = 1
# default
.FEATURES := target-specific order-only second-expansion else-if shortest-stem undefine oneshell nocomment grouped-target extra-prereqs archives jobserver output-sync check-symlink guile load
# variable set hash-table stats:
# Load=99/1024=10%, Rehash=0, Collisions=7/132=5%

# Pattern-specific Variable Values

# No pattern-specific variable values.

# Directories

# . (device 2055, inode 2089006): 13 files, no impossibilities.

# 13 files, no impossibilities in 1 directories.

# Implicit Rules

# No implicit rules.

# Files

# Not a target:
Makefile:
#  Implicit rule search has been done.
#  Last modified 2022-08-17 16:20:27.519598582
#  File has been updated.
#  Successfully updated.

# Not a target:
.DEFAULT:
#  Implicit rule search has not been done.
#  Modification time never checked.
#  File has not been updated.

all:
#  Command line target.
#  Implicit rule search has not been done.
#  Implicit/static pattern stem: ''
#  File does not exist.
#  File has been updated.
#  Needs to be updated (-q is set).
# automatic
# @ := all
# automatic
# * := 
# automatic
# < := 
# automatic
# + := 
# automatic
# % := 
# automatic
# ^ := 
# automatic
# ? := 
# automatic
# | := 
# variable set hash-table stats:
# Load=8/32=25%, Rehash=0, Collisions=1/11=9%
#  recipe to execute (from 'Makefile', line 2):
	g++ -o main main.cpp Library.cpp Document.cpp Book.cpp -Wall

# Not a target:
.SUFFIXES:
#  Implicit rule search has not been done.
#  Modification time never checked.
#  File has not been updated.

# files hash-table stats:
# Load=4/1024=0%, Rehash=0, Collisions=0/16=0%
# VPATH Search Paths

# No 'vpath' search paths.

# No general ('VPATH' variable) search path.

# strcache buffers: 1 (0) / strings = 18 / storage = 158 B / avg = 8 B
# current buf: size = 8162 B / used = 158 B / count = 18 / avg = 8 B

# strcache performance: lookups = 25 / hit rate = 28%
# hash-table stats:
# Load=18/8192=0%, Rehash=0, Collisions=0/25=0%
# Finished Make data base on Wed Aug 17 16:20:36 2022

 
